{"/Users/shannonsuhendra/Desktop/cis350/project-penn-caps/dbOperations.js": {"path":"/Users/shannonsuhendra/Desktop/cis350/project-penn-caps/dbOperations.js","statementMap":{"0":{"start":{"line":4,"column":24},"end":{"line":4,"column":42}},"1":{"start":{"line":8,"column":16},"end":{"line":19,"column":1}},"2":{"start":{"line":9,"column":2},"end":{"line":18,"column":3}},"3":{"start":{"line":10,"column":16},"end":{"line":13,"column":11}},"4":{"start":{"line":14,"column":4},"end":{"line":14,"column":66}},"5":{"start":{"line":15,"column":4},"end":{"line":15,"column":15}},"6":{"start":{"line":17,"column":4},"end":{"line":17,"column":53}},"7":{"start":{"line":21,"column":24},"end":{"line":28,"column":1}},"8":{"start":{"line":22,"column":2},"end":{"line":27,"column":3}},"9":{"start":{"line":23,"column":19},"end":{"line":23,"column":108}},"10":{"start":{"line":24,"column":4},"end":{"line":24,"column":18}},"11":{"start":{"line":26,"column":4},"end":{"line":26,"column":61}},"12":{"start":{"line":30,"column":28},"end":{"line":40,"column":1}},"13":{"start":{"line":31,"column":2},"end":{"line":39,"column":3}},"14":{"start":{"line":32,"column":4},"end":{"line":32,"column":58}},"15":{"start":{"line":33,"column":4},"end":{"line":33,"column":36}},"16":{"start":{"line":34,"column":4},"end":{"line":34,"column":29}},"17":{"start":{"line":35,"column":19},"end":{"line":35,"column":152}},"18":{"start":{"line":36,"column":4},"end":{"line":36,"column":18}},"19":{"start":{"line":38,"column":4},"end":{"line":38,"column":54}},"20":{"start":{"line":42,"column":30},"end":{"line":49,"column":1}},"21":{"start":{"line":43,"column":2},"end":{"line":48,"column":3}},"22":{"start":{"line":44,"column":20},"end":{"line":44,"column":74}},"23":{"start":{"line":45,"column":4},"end":{"line":45,"column":19}},"24":{"start":{"line":47,"column":4},"end":{"line":47,"column":55}},"25":{"start":{"line":51,"column":26},"end":{"line":58,"column":1}},"26":{"start":{"line":52,"column":2},"end":{"line":57,"column":3}},"27":{"start":{"line":53,"column":19},"end":{"line":53,"column":117}},"28":{"start":{"line":54,"column":4},"end":{"line":54,"column":18}},"29":{"start":{"line":56,"column":4},"end":{"line":56,"column":52}},"30":{"start":{"line":61,"column":2},"end":{"line":69,"column":3}},"31":{"start":{"line":62,"column":19},"end":{"line":62,"column":83}},"32":{"start":{"line":63,"column":4},"end":{"line":65,"column":5}},"33":{"start":{"line":64,"column":6},"end":{"line":64,"column":19}},"34":{"start":{"line":66,"column":4},"end":{"line":66,"column":16}},"35":{"start":{"line":68,"column":4},"end":{"line":68,"column":48}},"36":{"start":{"line":73,"column":2},"end":{"line":78,"column":3}},"37":{"start":{"line":74,"column":4},"end":{"line":74,"column":52}},"38":{"start":{"line":75,"column":4},"end":{"line":75,"column":19}},"39":{"start":{"line":77,"column":4},"end":{"line":77,"column":42}},"40":{"start":{"line":82,"column":2},"end":{"line":87,"column":3}},"41":{"start":{"line":83,"column":19},"end":{"line":83,"column":83}},"42":{"start":{"line":84,"column":4},"end":{"line":84,"column":18}},"43":{"start":{"line":86,"column":4},"end":{"line":86,"column":42}},"44":{"start":{"line":91,"column":2},"end":{"line":96,"column":3}},"45":{"start":{"line":92,"column":19},"end":{"line":92,"column":89}},"46":{"start":{"line":93,"column":4},"end":{"line":93,"column":18}},"47":{"start":{"line":95,"column":4},"end":{"line":95,"column":42}},"48":{"start":{"line":99,"column":19},"end":{"line":107,"column":1}},"49":{"start":{"line":100,"column":2},"end":{"line":106,"column":3}},"50":{"start":{"line":101,"column":4},"end":{"line":101,"column":50}},"51":{"start":{"line":102,"column":20},"end":{"line":102,"column":115}},"52":{"start":{"line":103,"column":4},"end":{"line":103,"column":19}},"53":{"start":{"line":105,"column":4},"end":{"line":105,"column":43}},"54":{"start":{"line":109,"column":17},"end":{"line":116,"column":1}},"55":{"start":{"line":110,"column":2},"end":{"line":115,"column":3}},"56":{"start":{"line":111,"column":20},"end":{"line":111,"column":67}},"57":{"start":{"line":112,"column":4},"end":{"line":112,"column":19}},"58":{"start":{"line":114,"column":4},"end":{"line":114,"column":48}},"59":{"start":{"line":118,"column":24},"end":{"line":125,"column":1}},"60":{"start":{"line":119,"column":2},"end":{"line":124,"column":3}},"61":{"start":{"line":120,"column":20},"end":{"line":120,"column":74}},"62":{"start":{"line":121,"column":4},"end":{"line":121,"column":19}},"63":{"start":{"line":123,"column":4},"end":{"line":123,"column":56}},"64":{"start":{"line":127,"column":25},"end":{"line":134,"column":1}},"65":{"start":{"line":128,"column":2},"end":{"line":133,"column":3}},"66":{"start":{"line":129,"column":20},"end":{"line":129,"column":74}},"67":{"start":{"line":130,"column":4},"end":{"line":130,"column":19}},"68":{"start":{"line":132,"column":4},"end":{"line":132,"column":51}},"69":{"start":{"line":136,"column":21},"end":{"line":144,"column":1}},"70":{"start":{"line":137,"column":2},"end":{"line":143,"column":3}},"71":{"start":{"line":138,"column":4},"end":{"line":138,"column":26}},"72":{"start":{"line":139,"column":20},"end":{"line":139,"column":68}},"73":{"start":{"line":140,"column":4},"end":{"line":140,"column":19}},"74":{"start":{"line":142,"column":4},"end":{"line":142,"column":51}},"75":{"start":{"line":146,"column":21},"end":{"line":157,"column":1}},"76":{"start":{"line":147,"column":2},"end":{"line":156,"column":3}},"77":{"start":{"line":148,"column":20},"end":{"line":148,"column":67}},"78":{"start":{"line":149,"column":4},"end":{"line":151,"column":5}},"79":{"start":{"line":150,"column":6},"end":{"line":150,"column":15}},"80":{"start":{"line":152,"column":22},"end":{"line":152,"column":57}},"81":{"start":{"line":152,"column":45},"end":{"line":152,"column":56}},"82":{"start":{"line":153,"column":4},"end":{"line":153,"column":27}},"83":{"start":{"line":155,"column":4},"end":{"line":155,"column":33}},"84":{"start":{"line":159,"column":19},"end":{"line":165,"column":1}},"85":{"start":{"line":160,"column":2},"end":{"line":164,"column":3}},"86":{"start":{"line":161,"column":4},"end":{"line":161,"column":61}},"87":{"start":{"line":163,"column":4},"end":{"line":163,"column":45}},"88":{"start":{"line":167,"column":0},"end":{"line":184,"column":2}}},"fnMap":{"0":{"name":"(anonymous_0)","decl":{"start":{"line":8,"column":16},"end":{"line":8,"column":17}},"loc":{"start":{"line":8,"column":31},"end":{"line":19,"column":1}},"line":8},"1":{"name":"(anonymous_1)","decl":{"start":{"line":21,"column":24},"end":{"line":21,"column":25}},"loc":{"start":{"line":21,"column":46},"end":{"line":28,"column":1}},"line":21},"2":{"name":"(anonymous_2)","decl":{"start":{"line":30,"column":28},"end":{"line":30,"column":29}},"loc":{"start":{"line":30,"column":65},"end":{"line":40,"column":1}},"line":30},"3":{"name":"(anonymous_3)","decl":{"start":{"line":42,"column":30},"end":{"line":42,"column":31}},"loc":{"start":{"line":42,"column":44},"end":{"line":49,"column":1}},"line":42},"4":{"name":"(anonymous_4)","decl":{"start":{"line":51,"column":26},"end":{"line":51,"column":27}},"loc":{"start":{"line":51,"column":55},"end":{"line":58,"column":1}},"line":51},"5":{"name":"usernameExists","decl":{"start":{"line":60,"column":15},"end":{"line":60,"column":29}},"loc":{"start":{"line":60,"column":43},"end":{"line":70,"column":1}},"line":60},"6":{"name":"addUser","decl":{"start":{"line":72,"column":15},"end":{"line":72,"column":22}},"loc":{"start":{"line":72,"column":36},"end":{"line":79,"column":1}},"line":72},"7":{"name":"getUser","decl":{"start":{"line":81,"column":15},"end":{"line":81,"column":22}},"loc":{"start":{"line":81,"column":36},"end":{"line":88,"column":1}},"line":81},"8":{"name":"getUsers","decl":{"start":{"line":90,"column":15},"end":{"line":90,"column":23}},"loc":{"start":{"line":90,"column":28},"end":{"line":97,"column":1}},"line":90},"9":{"name":"(anonymous_9)","decl":{"start":{"line":99,"column":19},"end":{"line":99,"column":20}},"loc":{"start":{"line":99,"column":54},"end":{"line":107,"column":1}},"line":99},"10":{"name":"(anonymous_10)","decl":{"start":{"line":109,"column":17},"end":{"line":109,"column":18}},"loc":{"start":{"line":109,"column":31},"end":{"line":116,"column":1}},"line":109},"11":{"name":"(anonymous_11)","decl":{"start":{"line":118,"column":24},"end":{"line":118,"column":25}},"loc":{"start":{"line":118,"column":38},"end":{"line":125,"column":1}},"line":118},"12":{"name":"(anonymous_12)","decl":{"start":{"line":127,"column":25},"end":{"line":127,"column":26}},"loc":{"start":{"line":127,"column":48},"end":{"line":134,"column":1}},"line":127},"13":{"name":"(anonymous_13)","decl":{"start":{"line":136,"column":21},"end":{"line":136,"column":22}},"loc":{"start":{"line":136,"column":45},"end":{"line":144,"column":1}},"line":136},"14":{"name":"(anonymous_14)","decl":{"start":{"line":146,"column":21},"end":{"line":146,"column":22}},"loc":{"start":{"line":146,"column":35},"end":{"line":157,"column":1}},"line":146},"15":{"name":"(anonymous_15)","decl":{"start":{"line":152,"column":35},"end":{"line":152,"column":36}},"loc":{"start":{"line":152,"column":45},"end":{"line":152,"column":56}},"line":152},"16":{"name":"(anonymous_16)","decl":{"start":{"line":159,"column":19},"end":{"line":159,"column":20}},"loc":{"start":{"line":159,"column":39},"end":{"line":165,"column":1}},"line":159}},"branchMap":{"0":{"loc":{"start":{"line":63,"column":4},"end":{"line":65,"column":5}},"type":"if","locations":[{"start":{"line":63,"column":4},"end":{"line":65,"column":5}},{"start":{},"end":{}}],"line":63},"1":{"loc":{"start":{"line":149,"column":4},"end":{"line":151,"column":5}},"type":"if","locations":[{"start":{"line":149,"column":4},"end":{"line":151,"column":5}},{"start":{},"end":{}}],"line":149}},"s":{"0":2,"1":2,"2":32,"3":32,"4":32,"5":32,"6":0,"7":2,"8":4,"9":4,"10":4,"11":0,"12":2,"13":8,"14":8,"15":8,"16":8,"17":8,"18":8,"19":0,"20":2,"21":5,"22":5,"23":5,"24":0,"25":2,"26":2,"27":2,"28":2,"29":0,"30":4,"31":4,"32":4,"33":2,"34":2,"35":0,"36":10,"37":10,"38":10,"39":0,"40":2,"41":2,"42":2,"43":0,"44":1,"45":1,"46":1,"47":0,"48":2,"49":3,"50":3,"51":3,"52":3,"53":0,"54":2,"55":2,"56":2,"57":2,"58":0,"59":2,"60":2,"61":2,"62":2,"63":0,"64":2,"65":2,"66":2,"67":2,"68":0,"69":2,"70":7,"71":7,"72":7,"73":7,"74":0,"75":2,"76":2,"77":2,"78":2,"79":0,"80":2,"81":552,"82":2,"83":0,"84":2,"85":0,"86":0,"87":0,"88":2},"f":{"0":32,"1":4,"2":8,"3":5,"4":2,"5":4,"6":10,"7":2,"8":1,"9":3,"10":2,"11":2,"12":2,"13":7,"14":2,"15":552,"16":0},"b":{"0":[2,2],"1":[0,2]},"_coverageSchema":"1a1c01bbd47fc00a2c39e90264f33305004495a9","hash":"10938766cf987dbe4e92631780186a4d04f2a2a5"}
,"/Users/shannonsuhendra/Desktop/cis350/project-penn-caps/server.js": {"path":"/Users/shannonsuhendra/Desktop/cis350/project-penn-caps/server.js","statementMap":{"0":{"start":{"line":1,"column":16},"end":{"line":1,"column":34}},"1":{"start":{"line":3,"column":15},"end":{"line":3,"column":24}},"2":{"start":{"line":5,"column":13},"end":{"line":5,"column":28}},"3":{"start":{"line":7,"column":16},"end":{"line":7,"column":41}},"4":{"start":{"line":9,"column":0},"end":{"line":9,"column":27}},"5":{"start":{"line":10,"column":13},"end":{"line":10,"column":28}},"6":{"start":{"line":12,"column":12},"end":{"line":12,"column":37}},"7":{"start":{"line":16,"column":12},"end":{"line":16,"column":178}},"8":{"start":{"line":19,"column":0},"end":{"line":19,"column":27}},"9":{"start":{"line":20,"column":0},"end":{"line":24,"column":2}},"10":{"start":{"line":26,"column":0},"end":{"line":26,"column":54}},"11":{"start":{"line":29,"column":0},"end":{"line":29,"column":70}},"12":{"start":{"line":31,"column":0},"end":{"line":35,"column":4}},"13":{"start":{"line":38,"column":0},"end":{"line":69,"column":3}},"14":{"start":{"line":39,"column":2},"end":{"line":42,"column":3}},"15":{"start":{"line":40,"column":4},"end":{"line":40,"column":60}},"16":{"start":{"line":41,"column":4},"end":{"line":41,"column":11}},"17":{"start":{"line":43,"column":2},"end":{"line":46,"column":3}},"18":{"start":{"line":44,"column":4},"end":{"line":44,"column":62}},"19":{"start":{"line":45,"column":4},"end":{"line":45,"column":11}},"20":{"start":{"line":47,"column":2},"end":{"line":50,"column":3}},"21":{"start":{"line":48,"column":4},"end":{"line":48,"column":63}},"22":{"start":{"line":49,"column":4},"end":{"line":49,"column":11}},"23":{"start":{"line":51,"column":2},"end":{"line":54,"column":3}},"24":{"start":{"line":52,"column":4},"end":{"line":52,"column":63}},"25":{"start":{"line":53,"column":4},"end":{"line":53,"column":11}},"26":{"start":{"line":55,"column":2},"end":{"line":68,"column":3}},"27":{"start":{"line":56,"column":19},"end":{"line":61,"column":6}},"28":{"start":{"line":62,"column":4},"end":{"line":62,"column":39}},"29":{"start":{"line":63,"column":4},"end":{"line":63,"column":45}},"30":{"start":{"line":64,"column":4},"end":{"line":64,"column":43}},"31":{"start":{"line":65,"column":4},"end":{"line":65,"column":80}},"32":{"start":{"line":67,"column":4},"end":{"line":67,"column":59}},"33":{"start":{"line":72,"column":0},"end":{"line":90,"column":3}},"34":{"start":{"line":73,"column":2},"end":{"line":76,"column":3}},"35":{"start":{"line":74,"column":4},"end":{"line":74,"column":60}},"36":{"start":{"line":75,"column":4},"end":{"line":75,"column":11}},"37":{"start":{"line":77,"column":2},"end":{"line":80,"column":3}},"38":{"start":{"line":78,"column":4},"end":{"line":78,"column":62}},"39":{"start":{"line":79,"column":4},"end":{"line":79,"column":11}},"40":{"start":{"line":81,"column":2},"end":{"line":89,"column":3}},"41":{"start":{"line":82,"column":19},"end":{"line":82,"column":69}},"42":{"start":{"line":83,"column":4},"end":{"line":83,"column":39}},"43":{"start":{"line":84,"column":4},"end":{"line":84,"column":45}},"44":{"start":{"line":85,"column":4},"end":{"line":85,"column":43}},"45":{"start":{"line":86,"column":4},"end":{"line":86,"column":79}},"46":{"start":{"line":88,"column":4},"end":{"line":88,"column":60}},"47":{"start":{"line":92,"column":0},"end":{"line":97,"column":3}},"48":{"start":{"line":93,"column":2},"end":{"line":93,"column":28}},"49":{"start":{"line":94,"column":2},"end":{"line":94,"column":31}},"50":{"start":{"line":95,"column":2},"end":{"line":95,"column":30}},"51":{"start":{"line":96,"column":2},"end":{"line":96,"column":64}},"52":{"start":{"line":100,"column":0},"end":{"line":106,"column":3}},"53":{"start":{"line":101,"column":2},"end":{"line":105,"column":3}},"54":{"start":{"line":102,"column":4},"end":{"line":102,"column":35}},"55":{"start":{"line":104,"column":4},"end":{"line":104,"column":33}},"56":{"start":{"line":109,"column":0},"end":{"line":120,"column":3}},"57":{"start":{"line":110,"column":2},"end":{"line":119,"column":3}},"58":{"start":{"line":111,"column":19},"end":{"line":111,"column":76}},"59":{"start":{"line":112,"column":4},"end":{"line":116,"column":5}},"60":{"start":{"line":113,"column":6},"end":{"line":113,"column":59}},"61":{"start":{"line":115,"column":6},"end":{"line":115,"column":68}},"62":{"start":{"line":118,"column":4},"end":{"line":118,"column":56}},"63":{"start":{"line":123,"column":0},"end":{"line":134,"column":3}},"64":{"start":{"line":124,"column":2},"end":{"line":127,"column":3}},"65":{"start":{"line":125,"column":4},"end":{"line":125,"column":62}},"66":{"start":{"line":126,"column":4},"end":{"line":126,"column":11}},"67":{"start":{"line":128,"column":2},"end":{"line":133,"column":3}},"68":{"start":{"line":129,"column":19},"end":{"line":129,"column":79}},"69":{"start":{"line":130,"column":4},"end":{"line":130,"column":67}},"70":{"start":{"line":132,"column":4},"end":{"line":132,"column":66}},"71":{"start":{"line":136,"column":0},"end":{"line":143,"column":3}},"72":{"start":{"line":137,"column":2},"end":{"line":142,"column":3}},"73":{"start":{"line":138,"column":20},"end":{"line":138,"column":42}},"74":{"start":{"line":139,"column":4},"end":{"line":139,"column":42}},"75":{"start":{"line":141,"column":4},"end":{"line":141,"column":67}},"76":{"start":{"line":146,"column":0},"end":{"line":153,"column":3}},"77":{"start":{"line":147,"column":2},"end":{"line":152,"column":3}},"78":{"start":{"line":148,"column":20},"end":{"line":148,"column":68}},"79":{"start":{"line":149,"column":4},"end":{"line":149,"column":41}},"80":{"start":{"line":151,"column":4},"end":{"line":151,"column":83}},"81":{"start":{"line":156,"column":0},"end":{"line":163,"column":3}},"82":{"start":{"line":157,"column":2},"end":{"line":162,"column":3}},"83":{"start":{"line":158,"column":20},"end":{"line":158,"column":55}},"84":{"start":{"line":159,"column":4},"end":{"line":159,"column":41}},"85":{"start":{"line":161,"column":4},"end":{"line":161,"column":84}},"86":{"start":{"line":166,"column":0},"end":{"line":174,"column":3}},"87":{"start":{"line":167,"column":2},"end":{"line":173,"column":3}},"88":{"start":{"line":168,"column":19},"end":{"line":168,"column":93}},"89":{"start":{"line":169,"column":4},"end":{"line":169,"column":33}},"90":{"start":{"line":170,"column":4},"end":{"line":170,"column":11}},"91":{"start":{"line":172,"column":4},"end":{"line":172,"column":70}},"92":{"start":{"line":177,"column":0},"end":{"line":184,"column":3}},"93":{"start":{"line":178,"column":2},"end":{"line":183,"column":3}},"94":{"start":{"line":179,"column":19},"end":{"line":179,"column":76}},"95":{"start":{"line":180,"column":4},"end":{"line":180,"column":95}},"96":{"start":{"line":182,"column":4},"end":{"line":182,"column":68}},"97":{"start":{"line":187,"column":0},"end":{"line":195,"column":3}},"98":{"start":{"line":188,"column":2},"end":{"line":194,"column":3}},"99":{"start":{"line":189,"column":20},"end":{"line":189,"column":42}},"100":{"start":{"line":191,"column":4},"end":{"line":191,"column":51}},"101":{"start":{"line":193,"column":4},"end":{"line":193,"column":65}},"102":{"start":{"line":197,"column":0},"end":{"line":204,"column":3}},"103":{"start":{"line":198,"column":2},"end":{"line":203,"column":3}},"104":{"start":{"line":199,"column":20},"end":{"line":199,"column":49}},"105":{"start":{"line":200,"column":4},"end":{"line":200,"column":51}},"106":{"start":{"line":202,"column":4},"end":{"line":202,"column":74}},"107":{"start":{"line":206,"column":0},"end":{"line":217,"column":3}},"108":{"start":{"line":207,"column":2},"end":{"line":216,"column":3}},"109":{"start":{"line":208,"column":4},"end":{"line":212,"column":7}},"110":{"start":{"line":213,"column":4},"end":{"line":213,"column":61}},"111":{"start":{"line":215,"column":4},"end":{"line":215,"column":63}},"112":{"start":{"line":219,"column":0},"end":{"line":230,"column":3}},"113":{"start":{"line":220,"column":2},"end":{"line":229,"column":3}},"114":{"start":{"line":221,"column":20},"end":{"line":221,"column":47}},"115":{"start":{"line":222,"column":4},"end":{"line":225,"column":7}},"116":{"start":{"line":226,"column":4},"end":{"line":226,"column":57}},"117":{"start":{"line":228,"column":4},"end":{"line":228,"column":65}},"118":{"start":{"line":232,"column":0},"end":{"line":239,"column":3}},"119":{"start":{"line":233,"column":2},"end":{"line":238,"column":3}},"120":{"start":{"line":234,"column":21},"end":{"line":234,"column":47}},"121":{"start":{"line":235,"column":4},"end":{"line":235,"column":83}},"122":{"start":{"line":237,"column":4},"end":{"line":237,"column":56}},"123":{"start":{"line":242,"column":0},"end":{"line":244,"column":3}},"124":{"start":{"line":243,"column":2},"end":{"line":243,"column":18}},"125":{"start":{"line":247,"column":0},"end":{"line":249,"column":3}},"126":{"start":{"line":248,"column":2},"end":{"line":248,"column":70}},"127":{"start":{"line":252,"column":13},"end":{"line":252,"column":37}},"128":{"start":{"line":253,"column":0},"end":{"line":260,"column":3}},"129":{"start":{"line":254,"column":2},"end":{"line":259,"column":3}},"130":{"start":{"line":255,"column":4},"end":{"line":255,"column":32}},"131":{"start":{"line":256,"column":4},"end":{"line":256,"column":50}},"132":{"start":{"line":258,"column":4},"end":{"line":258,"column":45}},"133":{"start":{"line":262,"column":0},"end":{"line":262,"column":24}}},"fnMap":{"0":{"name":"(anonymous_0)","decl":{"start":{"line":38,"column":27},"end":{"line":38,"column":28}},"loc":{"start":{"line":38,"column":48},"end":{"line":69,"column":1}},"line":38},"1":{"name":"(anonymous_1)","decl":{"start":{"line":72,"column":26},"end":{"line":72,"column":27}},"loc":{"start":{"line":72,"column":47},"end":{"line":90,"column":1}},"line":72},"2":{"name":"(anonymous_2)","decl":{"start":{"line":92,"column":26},"end":{"line":92,"column":27}},"loc":{"start":{"line":92,"column":47},"end":{"line":97,"column":1}},"line":92},"3":{"name":"(anonymous_3)","decl":{"start":{"line":100,"column":25},"end":{"line":100,"column":26}},"loc":{"start":{"line":100,"column":39},"end":{"line":106,"column":1}},"line":100},"4":{"name":"(anonymous_4)","decl":{"start":{"line":109,"column":31},"end":{"line":109,"column":32}},"loc":{"start":{"line":109,"column":52},"end":{"line":120,"column":1}},"line":109},"5":{"name":"(anonymous_5)","decl":{"start":{"line":123,"column":31},"end":{"line":123,"column":32}},"loc":{"start":{"line":123,"column":52},"end":{"line":134,"column":1}},"line":123},"6":{"name":"(anonymous_6)","decl":{"start":{"line":136,"column":25},"end":{"line":136,"column":26}},"loc":{"start":{"line":136,"column":46},"end":{"line":143,"column":1}},"line":136},"7":{"name":"(anonymous_7)","decl":{"start":{"line":146,"column":44},"end":{"line":146,"column":45}},"loc":{"start":{"line":146,"column":64},"end":{"line":153,"column":1}},"line":146},"8":{"name":"(anonymous_8)","decl":{"start":{"line":156,"column":39},"end":{"line":156,"column":40}},"loc":{"start":{"line":156,"column":60},"end":{"line":163,"column":1}},"line":156},"9":{"name":"(anonymous_9)","decl":{"start":{"line":166,"column":41},"end":{"line":166,"column":42}},"loc":{"start":{"line":166,"column":61},"end":{"line":174,"column":1}},"line":166},"10":{"name":"(anonymous_10)","decl":{"start":{"line":177,"column":57},"end":{"line":177,"column":58}},"loc":{"start":{"line":177,"column":77},"end":{"line":184,"column":1}},"line":177},"11":{"name":"(anonymous_11)","decl":{"start":{"line":187,"column":24},"end":{"line":187,"column":25}},"loc":{"start":{"line":187,"column":45},"end":{"line":195,"column":1}},"line":187},"12":{"name":"(anonymous_12)","decl":{"start":{"line":197,"column":33},"end":{"line":197,"column":34}},"loc":{"start":{"line":197,"column":54},"end":{"line":204,"column":1}},"line":197},"13":{"name":"(anonymous_13)","decl":{"start":{"line":206,"column":33},"end":{"line":206,"column":34}},"loc":{"start":{"line":206,"column":54},"end":{"line":217,"column":1}},"line":206},"14":{"name":"(anonymous_14)","decl":{"start":{"line":219,"column":31},"end":{"line":219,"column":32}},"loc":{"start":{"line":219,"column":52},"end":{"line":230,"column":1}},"line":219},"15":{"name":"(anonymous_15)","decl":{"start":{"line":232,"column":32},"end":{"line":232,"column":33}},"loc":{"start":{"line":232,"column":53},"end":{"line":239,"column":1}},"line":232},"16":{"name":"(anonymous_16)","decl":{"start":{"line":242,"column":11},"end":{"line":242,"column":12}},"loc":{"start":{"line":242,"column":26},"end":{"line":244,"column":1}},"line":242},"17":{"name":"(anonymous_17)","decl":{"start":{"line":247,"column":16},"end":{"line":247,"column":17}},"loc":{"start":{"line":247,"column":31},"end":{"line":249,"column":1}},"line":247},"18":{"name":"(anonymous_18)","decl":{"start":{"line":253,"column":20},"end":{"line":253,"column":21}},"loc":{"start":{"line":253,"column":32},"end":{"line":260,"column":1}},"line":253}},"branchMap":{"0":{"loc":{"start":{"line":39,"column":2},"end":{"line":42,"column":3}},"type":"if","locations":[{"start":{"line":39,"column":2},"end":{"line":42,"column":3}},{"start":{},"end":{}}],"line":39},"1":{"loc":{"start":{"line":39,"column":6},"end":{"line":39,"column":54}},"type":"binary-expr","locations":[{"start":{"line":39,"column":6},"end":{"line":39,"column":22}},{"start":{"line":39,"column":26},"end":{"line":39,"column":54}}],"line":39},"2":{"loc":{"start":{"line":43,"column":2},"end":{"line":46,"column":3}},"type":"if","locations":[{"start":{"line":43,"column":2},"end":{"line":46,"column":3}},{"start":{},"end":{}}],"line":43},"3":{"loc":{"start":{"line":43,"column":6},"end":{"line":43,"column":58}},"type":"binary-expr","locations":[{"start":{"line":43,"column":6},"end":{"line":43,"column":24}},{"start":{"line":43,"column":28},"end":{"line":43,"column":58}}],"line":43},"4":{"loc":{"start":{"line":47,"column":2},"end":{"line":50,"column":3}},"type":"if","locations":[{"start":{"line":47,"column":2},"end":{"line":50,"column":3}},{"start":{},"end":{}}],"line":47},"5":{"loc":{"start":{"line":47,"column":6},"end":{"line":47,"column":60}},"type":"binary-expr","locations":[{"start":{"line":47,"column":6},"end":{"line":47,"column":25}},{"start":{"line":47,"column":29},"end":{"line":47,"column":60}}],"line":47},"6":{"loc":{"start":{"line":51,"column":2},"end":{"line":54,"column":3}},"type":"if","locations":[{"start":{"line":51,"column":2},"end":{"line":54,"column":3}},{"start":{},"end":{}}],"line":51},"7":{"loc":{"start":{"line":51,"column":6},"end":{"line":51,"column":58}},"type":"binary-expr","locations":[{"start":{"line":51,"column":6},"end":{"line":51,"column":24}},{"start":{"line":51,"column":28},"end":{"line":51,"column":58}}],"line":51},"8":{"loc":{"start":{"line":73,"column":2},"end":{"line":76,"column":3}},"type":"if","locations":[{"start":{"line":73,"column":2},"end":{"line":76,"column":3}},{"start":{},"end":{}}],"line":73},"9":{"loc":{"start":{"line":73,"column":6},"end":{"line":73,"column":54}},"type":"binary-expr","locations":[{"start":{"line":73,"column":6},"end":{"line":73,"column":22}},{"start":{"line":73,"column":26},"end":{"line":73,"column":54}}],"line":73},"10":{"loc":{"start":{"line":77,"column":2},"end":{"line":80,"column":3}},"type":"if","locations":[{"start":{"line":77,"column":2},"end":{"line":80,"column":3}},{"start":{},"end":{}}],"line":77},"11":{"loc":{"start":{"line":77,"column":6},"end":{"line":77,"column":58}},"type":"binary-expr","locations":[{"start":{"line":77,"column":6},"end":{"line":77,"column":24}},{"start":{"line":77,"column":28},"end":{"line":77,"column":58}}],"line":77},"12":{"loc":{"start":{"line":101,"column":2},"end":{"line":105,"column":3}},"type":"if","locations":[{"start":{"line":101,"column":2},"end":{"line":105,"column":3}},{"start":{"line":103,"column":9},"end":{"line":105,"column":3}}],"line":101},"13":{"loc":{"start":{"line":101,"column":6},"end":{"line":101,"column":69}},"type":"binary-expr","locations":[{"start":{"line":101,"column":6},"end":{"line":101,"column":38}},{"start":{"line":101,"column":42},"end":{"line":101,"column":69}}],"line":101},"14":{"loc":{"start":{"line":112,"column":4},"end":{"line":116,"column":5}},"type":"if","locations":[{"start":{"line":112,"column":4},"end":{"line":116,"column":5}},{"start":{"line":114,"column":11},"end":{"line":116,"column":5}}],"line":112},"15":{"loc":{"start":{"line":124,"column":2},"end":{"line":127,"column":3}},"type":"if","locations":[{"start":{"line":124,"column":2},"end":{"line":127,"column":3}},{"start":{},"end":{}}],"line":124},"16":{"loc":{"start":{"line":124,"column":6},"end":{"line":124,"column":58}},"type":"binary-expr","locations":[{"start":{"line":124,"column":6},"end":{"line":124,"column":24}},{"start":{"line":124,"column":28},"end":{"line":124,"column":58}}],"line":124},"17":{"loc":{"start":{"line":252,"column":13},"end":{"line":252,"column":37}},"type":"binary-expr","locations":[{"start":{"line":252,"column":13},"end":{"line":252,"column":29}},{"start":{"line":252,"column":33},"end":{"line":252,"column":37}}],"line":252}},"s":{"0":1,"1":1,"2":1,"3":1,"4":1,"5":1,"6":1,"7":1,"8":1,"9":1,"10":1,"11":1,"12":1,"13":1,"14":6,"15":1,"16":1,"17":5,"18":1,"19":1,"20":4,"21":1,"22":1,"23":3,"24":1,"25":1,"26":2,"27":2,"28":2,"29":2,"30":2,"31":2,"32":0,"33":1,"34":3,"35":1,"36":1,"37":2,"38":1,"39":1,"40":1,"41":1,"42":1,"43":1,"44":1,"45":1,"46":0,"47":1,"48":0,"49":0,"50":0,"51":0,"52":1,"53":1,"54":0,"55":1,"56":1,"57":2,"58":2,"59":2,"60":1,"61":1,"62":0,"63":1,"64":2,"65":1,"66":1,"67":1,"68":1,"69":1,"70":0,"71":1,"72":0,"73":0,"74":0,"75":0,"76":1,"77":1,"78":1,"79":1,"80":0,"81":1,"82":4,"83":4,"84":4,"85":0,"86":1,"87":1,"88":1,"89":1,"90":1,"91":0,"92":1,"93":1,"94":1,"95":1,"96":0,"97":1,"98":1,"99":1,"100":1,"101":0,"102":1,"103":1,"104":1,"105":1,"106":0,"107":1,"108":1,"109":1,"110":1,"111":0,"112":1,"113":1,"114":1,"115":1,"116":1,"117":0,"118":1,"119":1,"120":1,"121":1,"122":0,"123":1,"124":0,"125":1,"126":0,"127":1,"128":1,"129":1,"130":1,"131":1,"132":0,"133":1},"f":{"0":6,"1":3,"2":0,"3":1,"4":2,"5":2,"6":0,"7":1,"8":4,"9":1,"10":1,"11":1,"12":1,"13":1,"14":1,"15":1,"16":0,"17":0,"18":1},"b":{"0":[1,5],"1":[6,5],"2":[1,4],"3":[5,4],"4":[1,3],"5":[4,3],"6":[1,2],"7":[3,2],"8":[1,2],"9":[3,2],"10":[1,1],"11":[2,1],"12":[0,1],"13":[1,1],"14":[1,1],"15":[1,1],"16":[2,1],"17":[1,1]},"_coverageSchema":"1a1c01bbd47fc00a2c39e90264f33305004495a9","hash":"92a9e3362f51941d6a26fc7e0d87c8e4ce7d01e1"}
}
