TN:
SF:dbOperations.js
FN:8,(anonymous_0)
FN:21,(anonymous_1)
FN:30,(anonymous_2)
FN:42,(anonymous_3)
FN:51,(anonymous_4)
FN:60,usernameExists
FN:72,addUser
FN:81,getUser
FN:90,getUsers
FN:99,(anonymous_9)
FN:109,(anonymous_10)
FN:118,(anonymous_11)
FN:127,(anonymous_12)
FN:136,(anonymous_13)
FN:146,(anonymous_14)
FN:152,(anonymous_15)
FN:159,(anonymous_16)
FNF:17
FNH:16
FNDA:32,(anonymous_0)
FNDA:4,(anonymous_1)
FNDA:8,(anonymous_2)
FNDA:5,(anonymous_3)
FNDA:2,(anonymous_4)
FNDA:4,usernameExists
FNDA:10,addUser
FNDA:2,getUser
FNDA:1,getUsers
FNDA:3,(anonymous_9)
FNDA:2,(anonymous_10)
FNDA:2,(anonymous_11)
FNDA:2,(anonymous_12)
FNDA:7,(anonymous_13)
FNDA:2,(anonymous_14)
FNDA:552,(anonymous_15)
FNDA:0,(anonymous_16)
DA:4,2
DA:8,2
DA:9,32
DA:10,32
DA:14,32
DA:15,32
DA:17,0
DA:21,2
DA:22,4
DA:23,4
DA:24,4
DA:26,0
DA:30,2
DA:31,8
DA:32,8
DA:33,8
DA:34,8
DA:35,8
DA:36,8
DA:38,0
DA:42,2
DA:43,5
DA:44,5
DA:45,5
DA:47,0
DA:51,2
DA:52,2
DA:53,2
DA:54,2
DA:56,0
DA:61,4
DA:62,4
DA:63,4
DA:64,2
DA:66,2
DA:68,0
DA:73,10
DA:74,10
DA:75,10
DA:77,0
DA:82,2
DA:83,2
DA:84,2
DA:86,0
DA:91,1
DA:92,1
DA:93,1
DA:95,0
DA:99,2
DA:100,3
DA:101,3
DA:102,3
DA:103,3
DA:105,0
DA:109,2
DA:110,2
DA:111,2
DA:112,2
DA:114,0
DA:118,2
DA:119,2
DA:120,2
DA:121,2
DA:123,0
DA:127,2
DA:128,2
DA:129,2
DA:130,2
DA:132,0
DA:136,2
DA:137,7
DA:138,7
DA:139,7
DA:140,7
DA:142,0
DA:146,2
DA:147,2
DA:148,2
DA:149,2
DA:150,0
DA:152,552
DA:153,2
DA:155,0
DA:159,2
DA:160,0
DA:161,0
DA:163,0
DA:167,2
LF:88
LH:69
BRDA:63,0,0,2
BRDA:63,0,1,2
BRDA:149,1,0,0
BRDA:149,1,1,2
BRF:4
BRH:3
end_of_record
TN:
SF:server.js
FN:38,(anonymous_0)
FN:72,(anonymous_1)
FN:92,(anonymous_2)
FN:100,(anonymous_3)
FN:109,(anonymous_4)
FN:123,(anonymous_5)
FN:136,(anonymous_6)
FN:146,(anonymous_7)
FN:156,(anonymous_8)
FN:166,(anonymous_9)
FN:177,(anonymous_10)
FN:187,(anonymous_11)
FN:197,(anonymous_12)
FN:206,(anonymous_13)
FN:219,(anonymous_14)
FN:232,(anonymous_15)
FN:242,(anonymous_16)
FN:247,(anonymous_17)
FN:253,(anonymous_18)
FNF:19
FNH:15
FNDA:6,(anonymous_0)
FNDA:3,(anonymous_1)
FNDA:0,(anonymous_2)
FNDA:1,(anonymous_3)
FNDA:2,(anonymous_4)
FNDA:2,(anonymous_5)
FNDA:0,(anonymous_6)
FNDA:1,(anonymous_7)
FNDA:4,(anonymous_8)
FNDA:1,(anonymous_9)
FNDA:1,(anonymous_10)
FNDA:1,(anonymous_11)
FNDA:1,(anonymous_12)
FNDA:1,(anonymous_13)
FNDA:1,(anonymous_14)
FNDA:1,(anonymous_15)
FNDA:0,(anonymous_16)
FNDA:0,(anonymous_17)
FNDA:1,(anonymous_18)
DA:1,1
DA:3,1
DA:5,1
DA:7,1
DA:9,1
DA:10,1
DA:12,1
DA:16,1
DA:19,1
DA:20,1
DA:26,1
DA:29,1
DA:31,1
DA:38,1
DA:39,6
DA:40,1
DA:41,1
DA:43,5
DA:44,1
DA:45,1
DA:47,4
DA:48,1
DA:49,1
DA:51,3
DA:52,1
DA:53,1
DA:55,2
DA:56,2
DA:62,2
DA:63,2
DA:64,2
DA:65,2
DA:67,0
DA:72,1
DA:73,3
DA:74,1
DA:75,1
DA:77,2
DA:78,1
DA:79,1
DA:81,1
DA:82,1
DA:83,1
DA:84,1
DA:85,1
DA:86,1
DA:88,0
DA:92,1
DA:93,0
DA:94,0
DA:95,0
DA:96,0
DA:100,1
DA:101,1
DA:102,0
DA:104,1
DA:109,1
DA:110,2
DA:111,2
DA:112,2
DA:113,1
DA:115,1
DA:118,0
DA:123,1
DA:124,2
DA:125,1
DA:126,1
DA:128,1
DA:129,1
DA:130,1
DA:132,0
DA:136,1
DA:137,0
DA:138,0
DA:139,0
DA:141,0
DA:146,1
DA:147,1
DA:148,1
DA:149,1
DA:151,0
DA:156,1
DA:157,4
DA:158,4
DA:159,4
DA:161,0
DA:166,1
DA:167,1
DA:168,1
DA:169,1
DA:170,1
DA:172,0
DA:177,1
DA:178,1
DA:179,1
DA:180,1
DA:182,0
DA:187,1
DA:188,1
DA:189,1
DA:191,1
DA:193,0
DA:197,1
DA:198,1
DA:199,1
DA:200,1
DA:202,0
DA:206,1
DA:207,1
DA:208,1
DA:213,1
DA:215,0
DA:219,1
DA:220,1
DA:221,1
DA:222,1
DA:226,1
DA:228,0
DA:232,1
DA:233,1
DA:234,1
DA:235,1
DA:237,0
DA:242,1
DA:243,0
DA:247,1
DA:248,0
DA:252,1
DA:253,1
DA:254,1
DA:255,1
DA:256,1
DA:258,0
DA:262,1
LF:134
LH:109
BRDA:39,0,0,1
BRDA:39,0,1,5
BRDA:39,1,0,6
BRDA:39,1,1,5
BRDA:43,2,0,1
BRDA:43,2,1,4
BRDA:43,3,0,5
BRDA:43,3,1,4
BRDA:47,4,0,1
BRDA:47,4,1,3
BRDA:47,5,0,4
BRDA:47,5,1,3
BRDA:51,6,0,1
BRDA:51,6,1,2
BRDA:51,7,0,3
BRDA:51,7,1,2
BRDA:73,8,0,1
BRDA:73,8,1,2
BRDA:73,9,0,3
BRDA:73,9,1,2
BRDA:77,10,0,1
BRDA:77,10,1,1
BRDA:77,11,0,2
BRDA:77,11,1,1
BRDA:101,12,0,0
BRDA:101,12,1,1
BRDA:101,13,0,1
BRDA:101,13,1,1
BRDA:112,14,0,1
BRDA:112,14,1,1
BRDA:124,15,0,1
BRDA:124,15,1,1
BRDA:124,16,0,2
BRDA:124,16,1,1
BRDA:252,17,0,1
BRDA:252,17,1,1
BRF:36
BRH:35
end_of_record
